<?xml version="1.0" encoding="UTF-8"?>
<testng-results ignored="0" total="1" passed="1" failed="0" skipped="0">
  <reporter-output>
  </reporter-output>
  <suite started-at="2023-02-27T20:33:35 IST" name="Suite" finished-at="2023-02-27T20:34:12 IST" duration-ms="36692">
    <groups>
    </groups>
    <test started-at="2023-02-27T20:33:35 IST" name="Test" finished-at="2023-02-27T20:34:12 IST" duration-ms="36692">
      <class name="com.adactinhotelapp.testcase.ToVerifyWhetherTheCheckoutDateFieldAcceptsaLaterDateThanCheckInDate">
        <test-method is-config="true" signature="beforeTest(org.testng.ITestContext)[pri:0, instance:com.adactinhotelapp.testcase.ToVerifyWhetherTheCheckoutDateFieldAcceptsaLaterDateThanCheckInDate@706fe5c6]" started-at="2023-02-27T20:33:35 IST" name="beforeTest" finished-at="2023-02-27T20:33:35 IST" duration-ms="262" status="PASS">
          <params>
            <param index="0">
              <value>
                <![CDATA[org.testng.TestRunner@1689527c]]>
              </value>
            </param>
          </params>
          <reporter-output>
          </reporter-output>
        </test-method> <!-- beforeTest -->
        <test-method is-config="true" signature="setup()[pri:0, instance:com.adactinhotelapp.testcase.ToVerifyWhetherTheCheckoutDateFieldAcceptsaLaterDateThanCheckInDate@706fe5c6]" started-at="2023-02-27T20:33:36 IST" name="setup" finished-at="2023-02-27T20:33:39 IST" duration-ms="2977" status="PASS">
          <reporter-output>
          </reporter-output>
        </test-method> <!-- setup -->
        <test-method signature="toVerifyWhetherTheCheckoutDateFieldAcceptsaLaterDateThanCheckInDateTest(java.lang.String,java.lang.String,java.lang.String,java.lang.String,java.lang.String,java.lang.String,java.lang.String,java.lang.String,java.lang.String)[pri:0, instance:com.adactinhotelapp.testcase.ToVerifyWhetherTheCheckoutDateFieldAcceptsaLaterDateThanCheckInDate@706fe5c6]" started-at="2023-02-27T20:33:39 IST" name="toVerifyWhetherTheCheckoutDateFieldAcceptsaLaterDateThanCheckInDateTest" data-provider="getData" finished-at="2023-02-27T20:34:11 IST" duration-ms="32016" status="PASS">
          <params>
            <param index="0">
              <value>
                <![CDATA[reyaz0617]]>
              </value>
            </param>
            <param index="1">
              <value>
                <![CDATA[reyaz123]]>
              </value>
            </param>
            <param index="2">
              <value>
                <![CDATA[Adactin.com - Search Hotel]]>
              </value>
            </param>
            <param index="3">
              <value>
                <![CDATA[Sydney]]>
              </value>
            </param>
            <param index="4">
              <value>
                <![CDATA[Hotel Creek]]>
              </value>
            </param>
            <param index="5">
              <value>
                <![CDATA[1 - One]]>
              </value>
            </param>
            <param index="6">
              <value>
                <![CDATA[28/02/2023]]>
              </value>
            </param>
            <param index="7">
              <value>
                <![CDATA[27/02/2023]]>
              </value>
            </param>
            <param index="8">
              <value>
                <![CDATA[1 - One]]>
              </value>
            </param>
          </params>
          <reporter-output>
          </reporter-output>
        </test-method> <!-- toVerifyWhetherTheCheckoutDateFieldAcceptsaLaterDateThanCheckInDateTest -->
        <test-method is-config="true" signature="teardown()[pri:0, instance:com.adactinhotelapp.testcase.ToVerifyWhetherTheCheckoutDateFieldAcceptsaLaterDateThanCheckInDate@706fe5c6]" started-at="2023-02-27T20:34:11 IST" name="teardown" finished-at="2023-02-27T20:34:11 IST" duration-ms="244" status="PASS">
          <reporter-output>
          </reporter-output>
        </test-method> <!-- teardown -->
        <test-method is-config="true" signature="afterTest(org.testng.ITestContext)[pri:0, instance:com.adactinhotelapp.testcase.ToVerifyWhetherTheCheckoutDateFieldAcceptsaLaterDateThanCheckInDate@706fe5c6]" started-at="2023-02-27T20:34:11 IST" name="afterTest" finished-at="2023-02-27T20:34:12 IST" duration-ms="399" status="PASS">
          <params>
            <param index="0">
              <value>
                <![CDATA[org.testng.TestRunner@1689527c]]>
              </value>
            </param>
          </params>
          <reporter-output>
          </reporter-output>
        </test-method> <!-- afterTest -->
      </class> <!-- com.adactinhotelapp.testcase.ToVerifyWhetherTheCheckoutDateFieldAcceptsaLaterDateThanCheckInDate -->
    </test> <!-- Test -->
  </suite> <!-- Suite -->
</testng-results>
